<?xml version="1.0" encoding="UTF-8"?>
<!-- Generated by org.testng.reporters.JUnitXMLReporter -->
<testsuite ignored="0" hostname="TelmoAsusG513" failures="0" tests="3" name="Test_Crossbrowser_Chrome" time="9.769" errors="0" timestamp="2024-09-02T17:24:46 BST">
  <testcase classname="com.mystore.testcases.IndexPageTest" name="verifyLogo" time="1.054"/>
  <testcase classname="com.mystore.testcases.IndexPageTest" name="verifyLogo" time="1.082"/>
  <testcase classname="com.mystore.testcases.IndexPageTest" name="verifyTitle" time="0.038"/>
</testsuite> <!-- Test_Crossbrowser_Chrome -->
