<?xml version="1.0" encoding="UTF-8"?>
<!-- Generated by org.testng.reporters.JUnitXMLReporter -->
<testsuite ignored="0" hostname="TelmoAsusG513" failures="0" tests="4" name="Test_Crossbrowser_Chrome" time="10.514" errors="0" timestamp="2024-09-02T17:56:50 BST">
  <testcase classname="com.mystore.testcases.IndexPageTest" name="verifyLogo" time="1.086"/>
  <testcase classname="com.mystore.testcases.IndexPageTest" name="verifyLogo" time="1.062"/>
  <testcase classname="com.mystore.testcases.IndexPageTest" name="verifyTitle" time="0.124"/>
  <testcase classname="com.mystore.testcases.IndexPageTest" name="verifyTitle" time="0.02"/>
</testsuite> <!-- Test_Crossbrowser_Chrome -->
